<?xml version="1.0" encoding="UTF-8"?>
<testsuite name="it.unibo.deathnote.TestDeathNote" tests="1" skipped="0" failures="0" errors="0" timestamp="2024-11-11T11:40:35" hostname="Filos-MacBook-Air.local" time="0.009">
  <properties/>
  <testcase name="testDeathNoteRules()" classname="it.unibo.deathnote.TestDeathNote" time="0.009"/>
  <system-out><![CDATA[]]></system-out>
  <system-err><![CDATA[]]></system-err>
</testsuite>
